<?xml version="1.0" encoding="UTF-8"?>
<!-- Generated by org.testng.reporters.JUnitXMLReporter -->
<testsuite ignored="0" hostname="Arohi-Kalasad" failures="1" tests="1" name="Test(failed)" time="4.104" errors="0" timestamp="2022-05-22T22:31:59 IST">
  <testcase classname="com.learnautomation.testcases.LoginTestCRM" name="loginApp" time="0.018">
    <failure type="java.lang.NullPointerException" message="Cannot invoke &amp;quot;com.learnautomation.utility.ExcelDataProvider.getStringData(String, int, int)&amp;quot; because &amp;quot;this.excel&amp;quot; is null">
      <![CDATA[java.lang.NullPointerException: Cannot invoke "com.learnautomation.utility.ExcelDataProvider.getStringData(String, int, int)" because "this.excel" is null
at com.learnautomation.testcases.LoginTestCRM.loginApp(LoginTestCRM.java:14)
at java.base/java.util.ArrayList.forEach(ArrayList.java:1511)
... Removed 27 stack frames]]>
    </failure>
  </testcase> <!-- loginApp -->
</testsuite> <!-- Test(failed) -->
