<?xml version="1.0" encoding="UTF-8"?>
<testng-results ignored="0" total="1" passed="1" failed="0" skipped="0">
  <reporter-output>
  </reporter-output>
  <suite started-at="2022-05-25T00:16:06 IST" name="Default suite" finished-at="2022-05-25T00:16:20 IST" duration-ms="13932">
    <groups>
    </groups>
    <test started-at="2022-05-25T00:16:06 IST" name="Default test" finished-at="2022-05-25T00:16:20 IST" duration-ms="13932">
      <class name="com.learnautomation.testcases.LoginTestCRM">
        <test-method is-config="true" signature="setUpSuite()[pri:0, instance:com.learnautomation.testcases.LoginTestCRM@52719fb6]" started-at="2022-05-25T00:16:06 IST" name="setUpSuite" finished-at="2022-05-25T00:16:06 IST" duration-ms="325" status="PASS">
          <reporter-output>
          </reporter-output>
        </test-method> <!-- setUpSuite -->
        <test-method is-config="true" signature="setup()[pri:0, instance:com.learnautomation.testcases.LoginTestCRM@52719fb6]" started-at="2022-05-25T00:16:06 IST" name="setup" finished-at="2022-05-25T00:16:13 IST" duration-ms="6448" status="PASS">
          <reporter-output>
          </reporter-output>
        </test-method> <!-- setup -->
        <test-method signature="loginApp()[pri:0, instance:com.learnautomation.testcases.LoginTestCRM@52719fb6]" started-at="2022-05-25T00:16:13 IST" name="loginApp" finished-at="2022-05-25T00:16:20 IST" duration-ms="7215" status="PASS">
          <reporter-output>
          </reporter-output>
        </test-method> <!-- loginApp -->
        <test-method is-config="true" signature="tearDownMethod(org.testng.ITestResult)[pri:0, instance:com.learnautomation.testcases.LoginTestCRM@52719fb6]" started-at="2022-05-25T00:16:20 IST" name="tearDownMethod" finished-at="2022-05-25T00:16:20 IST" duration-ms="5" status="PASS">
          <params>
            <param index="0">
              <value>
                <![CDATA[[TestResult name=loginApp status=SUCCESS method=LoginTestCRM.loginApp()[pri:0, instance:com.learnautomation.testcases.LoginTestCRM@52719fb6] output={null}]]]>
              </value>
            </param>
          </params>
          <reporter-output>
          </reporter-output>
        </test-method> <!-- tearDownMethod -->
        <test-method is-config="true" signature="tearDown()[pri:0, instance:com.learnautomation.testcases.LoginTestCRM@52719fb6]" started-at="2022-05-25T00:16:20 IST" name="tearDown" finished-at="2022-05-25T00:16:20 IST" duration-ms="247" status="PASS">
          <reporter-output>
          </reporter-output>
        </test-method> <!-- tearDown -->
      </class> <!-- com.learnautomation.testcases.LoginTestCRM -->
    </test> <!-- Default test -->
  </suite> <!-- Default suite -->
</testng-results>
